<?xml version="1.0" encoding="UTF-8"?>
<testsuite name="com.saikrishna.vedantu.shm.SortingHatTests" tests="3" skipped="0" failures="0" errors="0" timestamp="2021-11-07T15:27:47" hostname="LAP-FVFXLG8THV22.local" time="0.005">
  <properties/>
  <testcase name="checkHouseCapacity" classname="com.saikrishna.vedantu.shm.SortingHatTests" time="0.003"/>
  <testcase name="fillSortingHatForSchoolHostelCapacityFull" classname="com.saikrishna.vedantu.shm.SortingHatTests" time="0.001"/>
  <testcase name="fillSortingHatForSchoolHostelEqualCapacity" classname="com.saikrishna.vedantu.shm.SortingHatTests" time="0.0"/>
  <system-out><![CDATA[]]></system-out>
  <system-err><![CDATA[]]></system-err>
</testsuite>
